<?xml version="1.0" encoding="UTF-8"?>
<testsuite name="JsonSerializerUnitTest" tests="2" skipped="0" failures="0" errors="0" timestamp="2020-12-28T03:47:02" hostname="ryangao67-ThinkPad-T460s" time="0.048">
  <properties/>
  <testcase name="givenObjectSerializedThenTrueReturned()" classname="JsonSerializerUnitTest" time="0.043"/>
  <testcase name="givenObjectNotSerializedThenExceptionThrown()" classname="JsonSerializerUnitTest" time="0.004"/>
  <system-out><![CDATA[]]></system-out>
  <system-err><![CDATA[]]></system-err>
</testsuite>
